98
389
1
1
1
1
1
1
1
1
1
1
1
1
1
1
1
1
1
1
1
1
1
1
1
1
1
1
1
1
1
1
1
1
1
1
1
1
1
1
1
1
1
1
1
1
1
1
1
1
1
1
1
1
1
1
1
1
1
1
1
1
1
1
1
1
1
1
1
1
1
1
1
1
1
1
1
1
1
1
1
1
1
1
1
1
1
1
1
1
1
1
1
1
1
1
1
1
1
1
4 0 55 (832.000000 -1952.000000 2477.000000) (608.000000 -1952.000000 2477.000000) (608.000000 -1952.000000 2176.000000) (832.000000 -1952.000000 2176.000000) 
4 0 54 (896.000000 -1952.000000 2477.000000) (832.000000 -1952.000000 2477.000000) (832.000000 -1952.000000 2176.000000) (896.000000 -1952.000000 2176.000000) 
4 0 53 (1383.000000 -1952.000000 2176.000000) (1383.000000 -1952.000000 2477.000000) (896.000000 -1952.000000 2477.000000) (896.000000 -1952.000000 2176.000000) 
4 0 7 (608.000000 -1952.000000 2176.000000) (608.000000 -1952.000000 2477.000000) (608.000000 -1056.000000 2477.000000) (608.000000 -1056.000000 2176.000000) 
4 0 6 (608.000000 -1056.000000 2477.000000) (608.000000 -906.000000 2477.000000) (608.000000 -906.000000 2176.000000) (608.000000 -1056.000000 2176.000000) 
4 0 2 (1383.000000 -1952.000000 2176.000000) (832.000000 -1952.000000 2176.000000) (832.000000 -1056.000000 2176.000000) (1383.000000 -1056.000000 2176.000000) 
4 0 1 (608.000000 -1056.000000 2176.000000) (608.000000 -906.000000 2176.000000) (1383.000000 -906.000000 2176.000000) (1383.000000 -1056.000000 2176.000000) 
4 1 6 (608.000000 -1056.000000 2176.000000) (608.000000 -906.000000 2176.000000) (608.000000 -906.000000 2160.000000) (608.000000 -1056.000000 2160.000000) 
4 1 4 (608.000000 -1056.000000 2160.000000) (608.000000 -906.000000 2160.000000) (1152.000000 -906.000000 2160.000000) (1152.000000 -1056.000000 2160.000000) 
4 1 3 (1152.000000 -906.000000 2160.000000) (1383.000000 -906.000000 2160.000000) (1383.000000 -1056.000000 2160.000000) (1152.000000 -1056.000000 2160.000000) 
4 1 2 (832.000000 -1056.000000 2160.000000) (1383.000000 -1056.000000 2160.000000) (1383.000000 -1056.000000 2176.000000) (832.000000 -1056.000000 2176.000000) 
4 2 54 (896.000000 -1952.000000 2176.000000) (832.000000 -1952.000000 2176.000000) (832.000000 -1952.000000 2160.000000) (896.000000 -1952.000000 2160.000000) 
4 2 53 (1383.000000 -1952.000000 2160.000000) (1383.000000 -1952.000000 2176.000000) (896.000000 -1952.000000 2176.000000) (896.000000 -1952.000000 2160.000000) 
4 2 4 (832.000000 -1056.000000 2160.000000) (1152.000000 -1056.000000 2160.000000) (1152.000000 -1904.000000 2160.000000) (832.000000 -1904.000000 2160.000000) 
4 2 3 (1152.000000 -1056.000000 2160.000000) (1383.000000 -1056.000000 2160.000000) (1383.000000 -1920.000000 2160.000000) (1152.000000 -1920.000000 2160.000000) 
4 2 5 (1383.000000 -1920.000000 2160.000000) (1383.000000 -1952.000000 2160.000000) (832.000000 -1952.000000 2160.000000) (832.000000 -1920.000000 2160.000000) 
4 3 83 (1383.000000 -1840.000000 1648.000000) (1383.000000 -1920.000000 1648.000000) (1152.000000 -1920.000000 1648.000000) (1152.000000 -1840.000000 1648.000000) 
4 3 72 (1152.000000 -906.000000 1648.000000) (1383.000000 -906.000000 1648.000000) (1383.000000 -1840.000000 1648.000000) (1152.000000 -1840.000000 1648.000000) 
4 3 4 (1152.000000 -906.000000 2160.000000) (1152.000000 -906.000000 1648.000000) (1152.000000 -1904.000000 1648.000000) (1152.000000 -1904.000000 2160.000000) 
4 3 5 (1152.000000 -1920.000000 1648.000000) (1383.000000 -1920.000000 1648.000000) (1383.000000 -1920.000000 2160.000000) (1152.000000 -1920.000000 2160.000000) 
4 4 87 (608.000000 -1904.000000 1648.000000) (608.000000 -1840.000000 1648.000000) (896.000000 -1840.000000 1648.000000) (896.000000 -1904.000000 1648.000000) 
4 4 84 (896.000000 -1840.000000 1648.000000) (1152.000000 -1840.000000 1648.000000) (1152.000000 -1904.000000 1648.000000) (896.000000 -1904.000000 1648.000000) 
4 4 74 (608.000000 -1840.000000 1648.000000) (608.000000 -1056.000000 1648.000000) (832.000000 -1056.000000 1648.000000) (832.000000 -1840.000000 1648.000000) 
4 4 73 (608.000000 -1056.000000 1648.000000) (608.000000 -906.000000 1648.000000) (832.000000 -906.000000 1648.000000) (832.000000 -1056.000000 1648.000000) 
4 4 72 (832.000000 -906.000000 1648.000000) (1152.000000 -906.000000 1648.000000) (1152.000000 -1840.000000 1648.000000) (832.000000 -1840.000000 1648.000000) 
4 4 8 (608.000000 -1056.000000 1648.000000) (608.000000 -1840.000000 1648.000000) (608.000000 -1840.000000 2160.000000) (608.000000 -1056.000000 2160.000000) 
4 4 6 (608.000000 -906.000000 1648.000000) (608.000000 -1056.000000 1648.000000) (608.000000 -1056.000000 2160.000000) (608.000000 -906.000000 2160.000000) 
4 5 91 (896.000000 -1952.000000 1648.000000) (608.000000 -1952.000000 1648.000000) (608.000000 -1920.000000 1648.000000) (896.000000 -1920.000000 1648.000000) 
4 5 85 (1152.000000 -1952.000000 1648.000000) (896.000000 -1952.000000 1648.000000) (896.000000 -1920.000000 1648.000000) (1152.000000 -1920.000000 1648.000000) 
4 5 83 (1383.000000 -1952.000000 1648.000000) (1152.000000 -1952.000000 1648.000000) (1152.000000 -1920.000000 1648.000000) (1383.000000 -1920.000000 1648.000000) 
4 5 58 (848.000000 -1952.000000 1952.000000) (848.000000 -1952.000000 1968.000000) (608.000000 -1952.000000 1968.000000) (608.000000 -1952.000000 1952.000000) 
4 5 57 (848.000000 -1952.000000 1968.000000) (848.000000 -1952.000000 2160.000000) (608.000000 -1952.000000 2160.000000) (608.000000 -1952.000000 1968.000000) 
4 5 60 (608.000000 -1952.000000 1648.000000) (848.000000 -1952.000000 1648.000000) (848.000000 -1952.000000 1952.000000) (608.000000 -1952.000000 1952.000000) 
4 5 56 (848.000000 -1952.000000 1648.000000) (896.000000 -1952.000000 1648.000000) (896.000000 -1952.000000 2160.000000) (848.000000 -1952.000000 2160.000000) 
4 5 53 (896.000000 -1952.000000 1648.000000) (1383.000000 -1952.000000 1648.000000) (1383.000000 -1952.000000 2160.000000) (896.000000 -1952.000000 2160.000000) 
4 5 9 (608.000000 -1920.000000 1648.000000) (608.000000 -1952.000000 1648.000000) (608.000000 -1952.000000 2160.000000) (608.000000 -1920.000000 2160.000000) 
4 6 73 (608.000000 -906.000000 1648.000000) (608.000000 -1056.000000 1648.000000) (-304.000000 -1056.000000 1648.000000) (-304.000000 -906.000000 1648.000000) 
4 6 52 (-304.000000 -906.000000 1648.000000) (-304.000000 -1056.000000 1648.000000) (-304.000000 -1056.000000 2477.000000) (-304.000000 -906.000000 2477.000000) 
4 6 45 (-288.000000 -1056.000000 1648.000000) (-272.000000 -1056.000000 1648.000000) (-272.000000 -1056.000000 2160.000000) (-288.000000 -1056.000000 2160.000000) 
4 6 44 (-272.000000 -1056.000000 1648.000000) (-64.000000 -1056.000000 1648.000000) (-64.000000 -1056.000000 2160.000000) (-272.000000 -1056.000000 2160.000000) 
4 6 43 (-64.000000 -1056.000000 1648.000000) (56.000000 -1056.000000 1648.000000) (56.000000 -1056.000000 2160.000000) (-64.000000 -1056.000000 2160.000000) 
4 6 47 (-304.000000 -1056.000000 2160.000000) (-304.000000 -1056.000000 1648.000000) (-288.000000 -1056.000000 1648.000000) (-288.000000 -1056.000000 2160.000000) 
4 6 39 (72.000000 -1056.000000 1776.000000) (56.000000 -1056.000000 1776.000000) (56.000000 -1056.000000 1760.000000) (72.000000 -1056.000000 1760.000000) 
4 6 37 (376.000000 -1056.000000 1776.000000) (72.000000 -1056.000000 1776.000000) (72.000000 -1056.000000 1760.000000) (376.000000 -1056.000000 1760.000000) 
4 6 36 (384.000000 -1056.000000 1776.000000) (376.000000 -1056.000000 1776.000000) (376.000000 -1056.000000 1760.000000) (384.000000 -1056.000000 1760.000000) 
4 6 35 (392.000000 -1056.000000 1760.000000) (392.000000 -1056.000000 1776.000000) (384.000000 -1056.000000 1776.000000) (384.000000 -1056.000000 1760.000000) 
4 6 41 (56.000000 -1056.000000 1648.000000) (392.000000 -1056.000000 1648.000000) (392.000000 -1056.000000 1760.000000) (56.000000 -1056.000000 1760.000000) 
4 6 27 (72.000000 -1056.000000 1800.000000) (56.000000 -1056.000000 1800.000000) (56.000000 -1056.000000 1776.000000) (72.000000 -1056.000000 1776.000000) 
4 6 24 (392.000000 -1056.000000 1776.000000) (392.000000 -1056.000000 1800.000000) (376.000000 -1056.000000 1800.000000) (376.000000 -1056.000000 1776.000000) 
4 6 25 (376.000000 -1056.000000 1800.000000) (72.000000 -1056.000000 1800.000000) (72.000000 -1056.000000 1776.000000) (376.000000 -1056.000000 1776.000000) 
4 6 17 (392.000000 -1056.000000 1800.000000) (392.000000 -1056.000000 2160.000000) (56.000000 -1056.000000 2160.000000) (56.000000 -1056.000000 1800.000000) 
4 6 10 (528.000000 -1056.000000 1648.000000) (544.000000 -1056.000000 1648.000000) (544.000000 -1056.000000 2160.000000) (528.000000 -1056.000000 2160.000000) 
4 6 8 (544.000000 -1056.000000 1648.000000) (608.000000 -1056.000000 1648.000000) (608.000000 -1056.000000 2160.000000) (544.000000 -1056.000000 2160.000000) 
5 6 12 (392.000000 -1056.000000 1648.000000) (528.000000 -1056.000000 1648.000000) (528.000000 -1056.000000 2160.000000) (488.000000 -1056.000000 2160.000000) (392.000000 -1056.000000 1792.000000) 
3 6 16 (488.000000 -1056.000000 2160.000000) (392.000000 -1056.000000 2160.000000) (392.000000 -1056.000000 1792.000000) 
4 6 7 (-304.000000 -1056.000000 2477.000000) (-304.000000 -1056.000000 2176.000000) (608.000000 -1056.000000 2176.000000) (608.000000 -1056.000000 2477.000000) 
4 7 55 (608.000000 -1952.000000 2176.000000) (608.000000 -1952.000000 2477.000000) (-304.000000 -1952.000000 2477.000000) (-304.000000 -1952.000000 2176.000000) 
4 7 52 (-304.000000 -1952.000000 2176.000000) (-304.000000 -1952.000000 2477.000000) (-304.000000 -1056.000000 2477.000000) (-304.000000 -1056.000000 2176.000000) 
4 8 74 (608.000000 -1056.000000 1648.000000) (608.000000 -1840.000000 1648.000000) (544.000000 -1840.000000 1648.000000) (544.000000 -1056.000000 1648.000000) 
4 8 10 (544.000000 -1056.000000 1648.000000) (544.000000 -1088.000000 1648.000000) (544.000000 -1088.000000 2160.000000) (544.000000 -1056.000000 2160.000000) 
3 9 89 (608.000000 -1920.000000 1648.000000) (576.000000 -1920.000000 1648.000000) (568.000000 -1912.000000 1648.000000) 
3 9 91 (608.000000 -1920.000000 1648.000000) (608.000000 -1952.000000 1648.000000) (576.000000 -1920.000000 1648.000000) 
4 9 11 (568.000000 -1912.000000 1648.000000) (608.000000 -1952.000000 1648.000000) (608.000000 -1952.000000 2160.000000) (568.000000 -1912.000000 2160.000000) 
4 10 12 (528.000000 -1056.000000 1648.000000) (528.000000 -1088.000000 1648.000000) (528.000000 -1088.000000 2160.000000) (528.000000 -1056.000000 2160.000000) 
3 11 88 (541.333333 -1906.666667 1648.000000) (536.000000 -1880.000000 1648.000000) (568.000000 -1912.000000 1648.000000) 
4 11 89 (544.000000 -1920.000000 1648.000000) (541.333333 -1906.666667 1648.000000) (568.000000 -1912.000000 1648.000000) (576.000000 -1920.000000 1648.000000) 
4 11 91 (608.000000 -1952.000000 1648.000000) (550.400000 -1952.000000 1648.000000) (544.000000 -1920.000000 1648.000000) (576.000000 -1920.000000 1648.000000) 
4 11 58 (608.000000 -1952.000000 1952.000000) (608.000000 -1952.000000 1968.000000) (550.400000 -1952.000000 1968.000000) (550.400000 -1952.000000 1952.000000) 
4 11 57 (608.000000 -1952.000000 1968.000000) (608.000000 -1952.000000 2160.000000) (550.400000 -1952.000000 2160.000000) (550.400000 -1952.000000 1968.000000) 
4 11 60 (550.400000 -1952.000000 1648.000000) (608.000000 -1952.000000 1648.000000) (608.000000 -1952.000000 1952.000000) (550.400000 -1952.000000 1952.000000) 
4 11 15 (536.000000 -1880.000000 1648.000000) (550.400000 -1952.000000 1648.000000) (550.400000 -1952.000000 2160.000000) (536.000000 -1880.000000 2160.000000) 
5 12 75 (484.923077 -1624.615385 1648.000000) (392.000000 -1160.000000 1648.000000) (392.000000 -1056.000000 1648.000000) (528.000000 -1056.000000 1648.000000) (528.000000 -1616.000000 1648.000000) 
3 12 78 (528.000000 -1840.000000 1648.000000) (484.923077 -1624.615385 1648.000000) (528.000000 -1616.000000 1648.000000) 
4 12 35 (392.000000 -1056.000000 1776.000000) (392.000000 -1056.000000 1760.000000) (392.000000 -1160.000000 1760.000000) (392.000000 -1160.000000 1776.000000) 
4 12 41 (392.000000 -1056.000000 1760.000000) (392.000000 -1056.000000 1648.000000) (392.000000 -1160.000000 1648.000000) (392.000000 -1160.000000 1760.000000) 
4 12 24 (392.000000 -1056.000000 1792.000000) (392.000000 -1056.000000 1776.000000) (392.000000 -1160.000000 1776.000000) (392.000000 -1160.000000 1792.000000) 
4 12 14 (527.600000 -1838.000000 1648.000000) (528.000000 -1840.000000 1648.000000) (528.000000 -1840.000000 2160.000000) (527.600000 -1838.000000 2160.000000) 
5 12 13 (392.000000 -1160.000000 1792.000000) (392.000000 -1160.000000 1648.000000) (527.600000 -1838.000000 1648.000000) (527.600000 -1838.000000 2160.000000) (488.000000 -1640.000000 2160.000000) 
4 12 16 (488.000000 -1640.000000 2160.000000) (488.000000 -1056.000000 2160.000000) (392.000000 -1056.000000 1792.000000) (392.000000 -1160.000000 1792.000000) 
3 13 75 (392.000000 -1643.200000 1648.000000) (392.000000 -1160.000000 1648.000000) (484.923077 -1624.615385 1648.000000) 
4 13 78 (392.000000 -1838.000000 1648.000000) (392.000000 -1643.200000 1648.000000) (484.923077 -1624.615385 1648.000000) (527.600000 -1838.000000 1648.000000) 
4 13 35 (392.000000 -1838.000000 1760.000000) (392.000000 -1838.000000 1776.000000) (392.000000 -1160.000000 1776.000000) (392.000000 -1160.000000 1760.000000) 
4 13 41 (392.000000 -1160.000000 1648.000000) (392.000000 -1838.000000 1648.000000) (392.000000 -1838.000000 1760.000000) (392.000000 -1160.000000 1760.000000) 
3 13 19 (392.000000 -1832.000000 1782.000000) (392.000000 -1830.666667 1776.000000) (392.000000 -1832.000000 1776.000000) 
4 13 18 (392.000000 -1834.222222 1792.000000) (392.000000 -1808.000000 1792.000000) (392.000000 -1808.000000 1776.000000) (392.000000 -1830.666667 1776.000000) 
4 13 24 (392.000000 -1808.000000 1792.000000) (392.000000 -1160.000000 1792.000000) (392.000000 -1160.000000 1776.000000) (392.000000 -1808.000000 1776.000000) 
5 13 14 (392.000000 -1838.000000 1784.000000) (392.000000 -1838.000000 1648.000000) (527.600000 -1838.000000 1648.000000) (527.600000 -1838.000000 2160.000000) (492.000000 -1838.000000 2160.000000) 
4 13 16 (488.000000 -1838.000000 2160.000000) (488.000000 -1640.000000 2160.000000) (392.000000 -1160.000000 1792.000000) (392.000000 -1838.000000 1792.000000) 
4 14 90 (392.000000 -1842.000000 1648.000000) (392.000000 -1840.000000 1648.000000) (528.000000 -1840.000000 1648.000000) (528.400000 -1842.000000 1648.000000) 
4 14 78 (392.000000 -1840.000000 1648.000000) (392.000000 -1838.000000 1648.000000) (527.600000 -1838.000000 1648.000000) (528.000000 -1840.000000 1648.000000) 
4 14 35 (392.000000 -1842.000000 1760.000000) (392.000000 -1842.000000 1776.000000) (392.000000 -1838.000000 1776.000000) (392.000000 -1838.000000 1760.000000) 
4 14 41 (392.000000 -1838.000000 1648.000000) (392.000000 -1842.000000 1648.000000) (392.000000 -1842.000000 1760.000000) (392.000000 -1838.000000 1760.000000) 
5 14 15 (528.400000 -1842.000000 1648.000000) (528.400000 -1842.000000 2160.000000) (492.000000 -1842.000000 2160.000000) (392.000000 -1842.000000 1784.000000) (392.000000 -1842.000000 1648.000000) 
4 15 90 (392.000000 -1920.000000 1648.000000) (392.000000 -1842.000000 1648.000000) (528.400000 -1842.000000 1648.000000) (544.000000 -1920.000000 1648.000000) 
4 15 91 (550.400000 -1952.000000 1648.000000) (392.000000 -1952.000000 1648.000000) (392.000000 -1920.000000 1648.000000) (544.000000 -1920.000000 1648.000000) 
4 15 58 (550.400000 -1952.000000 1952.000000) (550.400000 -1952.000000 1968.000000) (437.913043 -1952.000000 1968.000000) (433.739130 -1952.000000 1952.000000) 
4 15 57 (550.400000 -1952.000000 1968.000000) (550.400000 -1952.000000 2160.000000) (488.000000 -1952.000000 2160.000000) (437.913043 -1952.000000 1968.000000) 
5 15 60 (392.000000 -1952.000000 1648.000000) (550.400000 -1952.000000 1648.000000) (550.400000 -1952.000000 1952.000000) (433.739130 -1952.000000 1952.000000) (392.000000 -1952.000000 1792.000000) 
4 15 35 (392.000000 -1952.000000 1760.000000) (392.000000 -1952.000000 1776.000000) (392.000000 -1842.000000 1776.000000) (392.000000 -1842.000000 1760.000000) 
4 15 41 (392.000000 -1842.000000 1648.000000) (392.000000 -1952.000000 1648.000000) (392.000000 -1952.000000 1760.000000) (392.000000 -1842.000000 1760.000000) 
3 15 20 (392.000000 -1848.000000 1792.000000) (392.000000 -1845.777778 1792.000000) (392.000000 -1848.000000 1782.000000) 
4 15 21 (392.000000 -1872.000000 1792.000000) (392.000000 -1848.000000 1792.000000) (392.000000 -1848.000000 1776.000000) (392.000000 -1872.000000 1776.000000) 
4 15 26 (392.000000 -1952.000000 1776.000000) (392.000000 -1952.000000 1792.000000) (392.000000 -1872.000000 1792.000000) (392.000000 -1872.000000 1776.000000) 
4 15 16 (392.000000 -1952.000000 1792.000000) (488.000000 -1952.000000 2160.000000) (488.000000 -1842.000000 2160.000000) (392.000000 -1842.000000 1792.000000) 
4 16 58 (392.000000 -1952.000000 1968.000000) (392.000000 -1952.000000 1952.000000) (433.739130 -1952.000000 1952.000000) (437.913043 -1952.000000 1968.000000) 
4 16 57 (488.000000 -1952.000000 2160.000000) (392.000000 -1952.000000 2160.000000) (392.000000 -1952.000000 1968.000000) (437.913043 -1952.000000 1968.000000) 
3 16 60 (392.000000 -1952.000000 1952.000000) (392.000000 -1952.000000 1792.000000) (433.739130 -1952.000000 1952.000000) 
4 16 20 (392.000000 -1845.777778 1792.000000) (392.000000 -1848.000000 1792.000000) (392.000000 -1848.000000 1800.000000) (392.000000 -1844.000000 1800.000000) 
4 16 18 (392.000000 -1808.000000 1792.000000) (392.000000 -1834.222222 1792.000000) (392.000000 -1836.000000 1800.000000) (392.000000 -1808.000000 1800.000000) 
4 16 21 (392.000000 -1848.000000 1792.000000) (392.000000 -1872.000000 1792.000000) (392.000000 -1872.000000 1800.000000) (392.000000 -1848.000000 1800.000000) 
4 16 24 (392.000000 -1056.000000 1800.000000) (392.000000 -1056.000000 1792.000000) (392.000000 -1808.000000 1792.000000) (392.000000 -1808.000000 1800.000000) 
4 16 26 (392.000000 -1872.000000 1792.000000) (392.000000 -1952.000000 1792.000000) (392.000000 -1952.000000 1800.000000) (392.000000 -1872.000000 1800.000000) 
4 16 17 (392.000000 -1056.000000 2160.000000) (392.000000 -1056.000000 1800.000000) (392.000000 -1952.000000 1800.000000) (392.000000 -1952.000000 2160.000000) 
4 17 58 (392.000000 -1952.000000 1952.000000) (392.000000 -1952.000000 1968.000000) (56.000000 -1952.000000 1968.000000) (56.000000 -1952.000000 1952.000000) 
4 17 57 (392.000000 -1952.000000 1968.000000) (392.000000 -1952.000000 2160.000000) (56.000000 -1952.000000 2160.000000) (56.000000 -1952.000000 1968.000000) 
4 17 60 (392.000000 -1952.000000 1800.000000) (392.000000 -1952.000000 1952.000000) (56.000000 -1952.000000 1952.000000) (56.000000 -1952.000000 1800.000000) 
4 17 49 (56.000000 -1842.000000 2160.000000) (56.000000 -1838.000000 2160.000000) (56.000000 -1838.000000 1800.000000) (56.000000 -1842.000000 1800.000000) 
4 17 48 (56.000000 -1838.000000 2160.000000) (56.000000 -1710.400000 2160.000000) (56.000000 -1710.400000 1800.000000) (56.000000 -1838.000000 1800.000000) 
4 17 51 (56.000000 -1952.000000 1800.000000) (56.000000 -1952.000000 2160.000000) (56.000000 -1842.000000 2160.000000) (56.000000 -1842.000000 1800.000000) 
4 17 43 (56.000000 -1480.000000 2160.000000) (56.000000 -1056.000000 2160.000000) (56.000000 -1056.000000 1800.000000) (56.000000 -1480.000000 1800.000000) 
4 17 42 (56.000000 -1710.400000 2160.000000) (56.000000 -1480.000000 2160.000000) (56.000000 -1480.000000 1800.000000) (56.000000 -1710.400000 1800.000000) 
4 17 33 (56.000000 -1848.000000 1800.000000) (56.000000 -1844.000000 1800.000000) (64.000000 -1844.000000 1800.000000) (64.000000 -1848.000000 1800.000000) 
4 17 31 (56.000000 -1836.000000 1800.000000) (56.000000 -1808.000000 1800.000000) (64.000000 -1816.000000 1800.000000) (64.000000 -1836.000000 1800.000000) 
4 17 34 (64.000000 -1952.000000 1800.000000) (56.000000 -1952.000000 1800.000000) (56.000000 -1848.000000 1800.000000) (64.000000 -1848.000000 1800.000000) 
4 17 29 (68.000000 -1820.000000 1800.000000) (72.000000 -1824.000000 1800.000000) (72.000000 -1856.000000 1800.000000) (68.000000 -1860.000000 1800.000000) 
4 17 30 (64.000000 -1864.000000 1800.000000) (64.000000 -1816.000000 1800.000000) (68.000000 -1820.000000 1800.000000) (68.000000 -1860.000000 1800.000000) 
4 17 28 (72.000000 -1952.000000 1800.000000) (64.000000 -1952.000000 1800.000000) (64.000000 -1864.000000 1800.000000) (72.000000 -1856.000000 1800.000000) 
4 17 27 (56.000000 -1808.000000 1800.000000) (56.000000 -1056.000000 1800.000000) (72.000000 -1056.000000 1800.000000) (72.000000 -1824.000000 1800.000000) 
4 17 23 (384.000000 -1864.000000 1800.000000) (376.000000 -1856.000000 1800.000000) (376.000000 -1824.000000 1800.000000) (384.000000 -1816.000000 1800.000000) 
4 17 20 (392.000000 -1844.000000 1800.000000) (392.000000 -1848.000000 1800.000000) (384.000000 -1848.000000 1800.000000) (384.000000 -1844.000000 1800.000000) 
4 17 18 (392.000000 -1808.000000 1800.000000) (392.000000 -1836.000000 1800.000000) (384.000000 -1836.000000 1800.000000) (384.000000 -1816.000000 1800.000000) 
4 17 21 (392.000000 -1848.000000 1800.000000) (392.000000 -1872.000000 1800.000000) (384.000000 -1864.000000 1800.000000) (384.000000 -1848.000000 1800.000000) 
4 17 24 (376.000000 -1056.000000 1800.000000) (392.000000 -1056.000000 1800.000000) (392.000000 -1808.000000 1800.000000) (376.000000 -1824.000000 1800.000000) 
4 17 25 (72.000000 -1552.000000 1800.000000) (72.000000 -1056.000000 1800.000000) (376.000000 -1056.000000 1800.000000) (376.000000 -1856.000000 1800.000000) 
4 17 26 (392.000000 -1952.000000 1800.000000) (72.000000 -1952.000000 1800.000000) (72.000000 -1552.000000 1800.000000) (392.000000 -1872.000000 1800.000000) 
4 18 35 (392.000000 -1808.000000 1776.000000) (392.000000 -1830.666667 1776.000000) (384.000000 -1830.666667 1776.000000) (384.000000 -1816.000000 1776.000000) 
4 18 22 (384.000000 -1816.000000 1776.000000) (384.000000 -1830.666667 1776.000000) (384.000000 -1836.000000 1800.000000) (384.000000 -1816.000000 1800.000000) 
4 18 19 (384.000000 -1832.000000 1782.000000) (384.000000 -1830.666667 1776.000000) (392.000000 -1830.666667 1776.000000) (392.000000 -1832.000000 1782.000000) 
4 18 24 (384.000000 -1816.000000 1800.000000) (392.000000 -1808.000000 1800.000000) (392.000000 -1808.000000 1776.000000) (384.000000 -1816.000000 1776.000000) 
4 19 35 (392.000000 -1830.666667 1776.000000) (392.000000 -1832.000000 1776.000000) (384.000000 -1832.000000 1776.000000) (384.000000 -1830.666667 1776.000000) 
3 19 22 (384.000000 -1830.666667 1776.000000) (384.000000 -1832.000000 1776.000000) (384.000000 -1832.000000 1782.000000) 
3 20 22 (384.000000 -1848.000000 1782.000000) (384.000000 -1848.000000 1800.000000) (384.000000 -1844.000000 1800.000000) 
4 20 21 (392.000000 -1848.000000 1782.000000) (392.000000 -1848.000000 1800.000000) (384.000000 -1848.000000 1800.000000) (384.000000 -1848.000000 1782.000000) 
4 21 35 (392.000000 -1848.000000 1776.000000) (392.000000 -1872.000000 1776.000000) (384.000000 -1864.000000 1776.000000) (384.000000 -1848.000000 1776.000000) 
4 21 22 (384.000000 -1848.000000 1776.000000) (384.000000 -1864.000000 1776.000000) (384.000000 -1864.000000 1800.000000) (384.000000 -1848.000000 1800.000000) 
4 21 26 (392.000000 -1872.000000 1776.000000) (392.000000 -1872.000000 1800.000000) (384.000000 -1864.000000 1800.000000) (384.000000 -1864.000000 1776.000000) 
4 22 23 (384.000000 -1864.000000 1800.000000) (384.000000 -1816.000000 1800.000000) (380.000000 -1820.000000 1796.000000) (380.000000 -1860.000000 1796.000000) 
4 22 24 (384.000000 -1816.000000 1800.000000) (384.000000 -1816.000000 1776.000000) (380.000000 -1820.000000 1776.000000) (380.000000 -1820.000000 1796.000000) 
4 22 26 (384.000000 -1864.000000 1800.000000) (380.000000 -1860.000000 1796.000000) (380.000000 -1860.000000 1776.000000) (384.000000 -1864.000000 1776.000000) 
4 23 25 (376.000000 -1856.000000 1792.000000) (376.000000 -1856.000000 1800.000000) (376.000000 -1824.000000 1800.000000) (376.000000 -1824.000000 1792.000000) 
3 23 26 (384.000000 -1864.000000 1800.000000) (376.000000 -1856.000000 1800.000000) (376.000000 -1856.000000 1792.000000) 
3 23 24 (376.000000 -1824.000000 1800.000000) (384.000000 -1816.000000 1800.000000) (376.000000 -1824.000000 1792.000000) 
4 24 36 (376.000000 -1056.000000 1776.000000) (384.000000 -1056.000000 1776.000000) (384.000000 -1264.000000 1776.000000) (376.000000 -1264.000000 1776.000000) 
4 24 35 (384.000000 -1056.000000 1776.000000) (392.000000 -1056.000000 1776.000000) (392.000000 -1808.000000 1776.000000) (384.000000 -1816.000000 1776.000000) 
4 24 25 (376.000000 -1056.000000 1800.000000) (376.000000 -1056.000000 1776.000000) (376.000000 -1824.000000 1776.000000) (376.000000 -1824.000000 1800.000000) 
5 25 37 (72.000000 -1056.000000 1776.000000) (376.000000 -1056.000000 1776.000000) (376.000000 -1824.000000 1776.000000) (344.000000 -1824.000000 1776.000000) (72.000000 -1552.000000 1776.000000) 
4 25 27 (72.000000 -1056.000000 1800.000000) (72.000000 -1056.000000 1776.000000) (72.000000 -1552.000000 1776.000000) (72.000000 -1552.000000 1800.000000) 
4 25 26 (376.000000 -1856.000000 1800.000000) (72.000000 -1552.000000 1800.000000) (72.000000 -1552.000000 1776.000000) (376.000000 -1856.000000 1776.000000) 
4 26 60 (392.000000 -1952.000000 1776.000000) (392.000000 -1952.000000 1800.000000) (72.000000 -1952.000000 1800.000000) (72.000000 -1952.000000 1776.000000) 
4 26 38 (376.000000 -1952.000000 1776.000000) (72.000000 -1952.000000 1776.000000) (72.000000 -1856.000000 1776.000000) (376.000000 -1856.000000 1776.000000) 
3 26 37 (72.000000 -1824.000000 1776.000000) (72.000000 -1552.000000 1776.000000) (344.000000 -1824.000000 1776.000000) 
4 26 35 (392.000000 -1872.000000 1776.000000) (392.000000 -1952.000000 1776.000000) (384.000000 -1952.000000 1776.000000) (384.000000 -1864.000000 1776.000000) 
4 26 29 (72.000000 -1856.000000 1792.000000) (72.000000 -1856.000000 1800.000000) (72.000000 -1824.000000 1800.000000) (72.000000 -1824.000000 1792.000000) 
4 26 28 (72.000000 -1856.000000 1776.000000) (72.000000 -1952.000000 1776.000000) (72.000000 -1952.000000 1800.000000) (72.000000 -1856.000000 1800.000000) 
4 26 27 (72.000000 -1552.000000 1776.000000) (72.000000 -1824.000000 1776.000000) (72.000000 -1824.000000 1800.000000) (72.000000 -1552.000000 1800.000000) 
4 27 48 (56.000000 -1808.000000 1800.000000) (56.000000 -1710.400000 1800.000000) (56.000000 -1710.400000 1784.000000) (56.000000 -1808.000000 1784.000000) 
4 27 50 (56.000000 -1710.400000 1784.000000) (56.000000 -1710.400000 1776.000000) (56.000000 -1808.000000 1776.000000) (56.000000 -1808.000000 1784.000000) 
4 27 43 (56.000000 -1480.000000 1800.000000) (56.000000 -1056.000000 1800.000000) (56.000000 -1056.000000 1776.000000) (56.000000 -1480.000000 1776.000000) 
4 27 42 (56.000000 -1710.400000 1800.000000) (56.000000 -1480.000000 1800.000000) (56.000000 -1480.000000 1776.000000) (56.000000 -1710.400000 1776.000000) 
4 27 40 (56.000000 -1808.000000 1776.000000) (56.000000 -1264.000000 1776.000000) (64.000000 -1264.000000 1776.000000) (64.000000 -1816.000000 1776.000000) 
4 27 39 (56.000000 -1264.000000 1776.000000) (56.000000 -1056.000000 1776.000000) (72.000000 -1056.000000 1776.000000) (72.000000 -1264.000000 1776.000000) 
4 27 31 (64.000000 -1816.000000 1800.000000) (56.000000 -1808.000000 1800.000000) (56.000000 -1808.000000 1776.000000) (64.000000 -1816.000000 1776.000000) 
4 27 29 (72.000000 -1824.000000 1792.000000) (72.000000 -1824.000000 1800.000000) (68.000000 -1820.000000 1800.000000) (68.000000 -1820.000000 1796.000000) 
4 27 30 (68.000000 -1820.000000 1800.000000) (64.000000 -1816.000000 1800.000000) (64.000000 -1816.000000 1776.000000) (68.000000 -1820.000000 1776.000000) 
4 28 60 (72.000000 -1952.000000 1800.000000) (64.000000 -1952.000000 1800.000000) (64.000000 -1952.000000 1776.000000) (72.000000 -1952.000000 1776.000000) 
4 28 34 (64.000000 -1864.000000 1776.000000) (64.000000 -1952.000000 1776.000000) (64.000000 -1952.000000 1800.000000) (64.000000 -1864.000000 1800.000000) 
4 28 29 (72.000000 -1856.000000 1800.000000) (72.000000 -1856.000000 1792.000000) (68.000000 -1860.000000 1796.000000) (68.000000 -1860.000000 1800.000000) 
4 28 30 (68.000000 -1860.000000 1776.000000) (64.000000 -1864.000000 1776.000000) (64.000000 -1864.000000 1800.000000) (68.000000 -1860.000000 1800.000000) 
4 29 30 (68.000000 -1860.000000 1796.000000) (68.000000 -1860.000000 1800.000000) (68.000000 -1820.000000 1800.000000) (68.000000 -1820.000000 1796.000000) 
3 30 33 (64.000000 -1848.000000 1782.000000) (64.000000 -1848.000000 1800.000000) (64.000000 -1844.000000 1800.000000) 
3 30 32 (64.000000 -1830.666667 1776.000000) (64.000000 -1832.000000 1776.000000) (64.000000 -1832.000000 1782.000000) 
4 30 31 (64.000000 -1816.000000 1776.000000) (64.000000 -1830.666667 1776.000000) (64.000000 -1836.000000 1800.000000) (64.000000 -1816.000000 1800.000000) 
4 30 34 (64.000000 -1848.000000 1776.000000) (64.000000 -1864.000000 1776.000000) (64.000000 -1864.000000 1800.000000) (64.000000 -1848.000000 1800.000000) 
4 31 48 (56.000000 -1836.000000 1800.000000) (56.000000 -1808.000000 1800.000000) (56.000000 -1808.000000 1784.000000) (56.000000 -1832.444444 1784.000000) 
4 31 50 (56.000000 -1808.000000 1784.000000) (56.000000 -1808.000000 1776.000000) (56.000000 -1830.666667 1776.000000) (56.000000 -1832.444444 1784.000000) 
4 31 40 (56.000000 -1830.666667 1776.000000) (56.000000 -1808.000000 1776.000000) (64.000000 -1816.000000 1776.000000) (64.000000 -1830.666667 1776.000000) 
4 31 32 (56.000000 -1832.000000 1782.000000) (56.000000 -1830.666667 1776.000000) (64.000000 -1830.666667 1776.000000) (64.000000 -1832.000000 1782.000000) 
3 32 50 (56.000000 -1832.000000 1782.000000) (56.000000 -1830.666667 1776.000000) (56.000000 -1832.000000 1776.000000) 
4 32 40 (56.000000 -1832.000000 1776.000000) (56.000000 -1830.666667 1776.000000) (64.000000 -1830.666667 1776.000000) (64.000000 -1832.000000 1776.000000) 
3 33 51 (56.000000 -1848.000000 1800.000000) (56.000000 -1844.000000 1800.000000) (56.000000 -1848.000000 1782.000000) 
4 33 34 (64.000000 -1848.000000 1782.000000) (64.000000 -1848.000000 1800.000000) (56.000000 -1848.000000 1800.000000) (56.000000 -1848.000000 1782.000000) 
4 34 60 (64.000000 -1952.000000 1800.000000) (56.000000 -1952.000000 1800.000000) (56.000000 -1952.000000 1776.000000) (64.000000 -1952.000000 1776.000000) 
4 34 51 (56.000000 -1952.000000 1776.000000) (56.000000 -1952.000000 1800.000000) (56.000000 -1848.000000 1800.000000) (56.000000 -1848.000000 1776.000000) 
4 34 40 (56.000000 -1952.000000 1776.000000) (56.000000 -1848.000000 1776.000000) (64.000000 -1848.000000 1776.000000) (64.000000 -1952.000000 1776.000000) 
4 35 60 (392.000000 -1952.000000 1760.000000) (392.000000 -1952.000000 1776.000000) (384.000000 -1952.000000 1776.000000) (384.000000 -1952.000000 1760.000000) 
4 35 36 (384.000000 -1056.000000 1776.000000) (384.000000 -1056.000000 1760.000000) (384.000000 -1264.000000 1760.000000) (384.000000 -1264.000000 1776.000000) 
4 35 41 (392.000000 -1952.000000 1760.000000) (384.000000 -1952.000000 1760.000000) (384.000000 -1056.000000 1760.000000) (392.000000 -1056.000000 1760.000000) 
4 36 37 (376.000000 -1056.000000 1760.000000) (376.000000 -1264.000000 1760.000000) (376.000000 -1264.000000 1776.000000) (376.000000 -1056.000000 1776.000000) 
4 36 41 (376.000000 -1264.000000 1760.000000) (376.000000 -1056.000000 1760.000000) (384.000000 -1056.000000 1760.000000) (384.000000 -1264.000000 1760.000000) 
4 37 39 (72.000000 -1056.000000 1776.000000) (72.000000 -1056.000000 1760.000000) (72.000000 -1264.000000 1760.000000) (72.000000 -1264.000000 1776.000000) 
4 37 41 (72.000000 -1824.000000 1760.000000) (72.000000 -1056.000000 1760.000000) (376.000000 -1056.000000 1760.000000) (376.000000 -1824.000000 1760.000000) 
4 38 60 (376.000000 -1952.000000 1776.000000) (72.000000 -1952.000000 1776.000000) (72.000000 -1952.000000 1760.000000) (376.000000 -1952.000000 1760.000000) 
4 38 41 (376.000000 -1952.000000 1760.000000) (72.000000 -1952.000000 1760.000000) (72.000000 -1856.000000 1760.000000) (376.000000 -1856.000000 1760.000000) 
4 39 43 (56.000000 -1264.000000 1776.000000) (56.000000 -1056.000000 1776.000000) (56.000000 -1056.000000 1760.000000) (56.000000 -1264.000000 1760.000000) 
4 39 40 (56.000000 -1264.000000 1760.000000) (64.000000 -1264.000000 1760.000000) (64.000000 -1264.000000 1776.000000) (56.000000 -1264.000000 1776.000000) 
4 39 41 (56.000000 -1264.000000 1760.000000) (56.000000 -1056.000000 1760.000000) (72.000000 -1056.000000 1760.000000) (72.000000 -1264.000000 1760.000000) 
4 40 60 (64.000000 -1952.000000 1776.000000) (56.000000 -1952.000000 1776.000000) (56.000000 -1952.000000 1760.000000) (64.000000 -1952.000000 1760.000000) 
4 40 50 (56.000000 -1842.000000 1776.000000) (56.000000 -1710.400000 1776.000000) (56.000000 -1710.400000 1760.000000) (56.000000 -1842.000000 1760.000000) 
4 40 51 (56.000000 -1952.000000 1760.000000) (56.000000 -1952.000000 1776.000000) (56.000000 -1842.000000 1776.000000) (56.000000 -1842.000000 1760.000000) 
4 40 43 (56.000000 -1480.000000 1776.000000) (56.000000 -1264.000000 1776.000000) (56.000000 -1264.000000 1760.000000) (56.000000 -1480.000000 1760.000000) 
4 40 42 (56.000000 -1710.400000 1776.000000) (56.000000 -1480.000000 1776.000000) (56.000000 -1480.000000 1760.000000) (56.000000 -1710.400000 1760.000000) 
4 40 41 (64.000000 -1952.000000 1760.000000) (56.000000 -1952.000000 1760.000000) (56.000000 -1264.000000 1760.000000) (64.000000 -1264.000000 1760.000000) 
4 41 90 (56.000000 -1920.000000 1648.000000) (56.000000 -1840.000000 1648.000000) (392.000000 -1840.000000 1648.000000) (392.000000 -1920.000000 1648.000000) 
4 41 91 (392.000000 -1952.000000 1648.000000) (56.000000 -1952.000000 1648.000000) (56.000000 -1920.000000 1648.000000) (392.000000 -1920.000000 1648.000000) 
3 41 76 (56.000000 -1710.400000 1648.000000) (56.000000 -1696.000000 1648.000000) (128.000000 -1696.000000 1648.000000) 
5 41 75 (56.000000 -1696.000000 1648.000000) (56.000000 -1056.000000 1648.000000) (392.000000 -1056.000000 1648.000000) (392.000000 -1643.200000 1648.000000) (128.000000 -1696.000000 1648.000000) 
4 41 78 (56.000000 -1840.000000 1648.000000) (56.000000 -1710.400000 1648.000000) (392.000000 -1643.200000 1648.000000) (392.000000 -1840.000000 1648.000000) 
4 41 60 (56.000000 -1952.000000 1648.000000) (392.000000 -1952.000000 1648.000000) (392.000000 -1952.000000 1760.000000) (56.000000 -1952.000000 1760.000000) 
4 41 50 (56.000000 -1710.400000 1648.000000) (56.000000 -1842.000000 1648.000000) (56.000000 -1842.000000 1760.000000) (56.000000 -1710.400000 1760.000000) 
4 41 51 (56.000000 -1842.000000 1648.000000) (56.000000 -1952.000000 1648.000000) (56.000000 -1952.000000 1760.000000) (56.000000 -1842.000000 1760.000000) 
4 41 43 (56.000000 -1056.000000 1648.000000) (56.000000 -1480.000000 1648.000000) (56.000000 -1480.000000 1760.000000) (56.000000 -1056.000000 1760.000000) 
4 41 42 (56.000000 -1480.000000 1648.000000) (56.000000 -1710.400000 1648.000000) (56.000000 -1710.400000 1760.000000) (56.000000 -1480.000000 1760.000000) 
4 42 76 (56.000000 -1696.000000 1648.000000) (56.000000 -1710.400000 1648.000000) (-232.000000 -1768.000000 1648.000000) (-160.000000 -1696.000000 1648.000000) 
3 42 75 (56.000000 -1480.000000 1648.000000) (56.000000 -1696.000000 1648.000000) (-160.000000 -1696.000000 1648.000000) 
3 42 48 (56.000000 -1710.400000 1784.000000) (56.000000 -1710.400000 2160.000000) (-44.000000 -1730.400000 2160.000000) 
5 42 50 (-232.000000 -1768.000000 1648.000000) (56.000000 -1710.400000 1648.000000) (56.000000 -1710.400000 1784.000000) (-44.000000 -1730.400000 2160.000000) (-232.000000 -1768.000000 2160.000000) 
4 42 43 (56.000000 -1480.000000 2160.000000) (56.000000 -1480.000000 1648.000000) (-200.000000 -1736.000000 1648.000000) (-200.000000 -1736.000000 2160.000000) 
3 43 77 (-160.000000 -1696.000000 1648.000000) (-200.000000 -1736.000000 1648.000000) (-192.000000 -1696.000000 1648.000000) 
5 43 75 (-64.000000 -1056.000000 1648.000000) (56.000000 -1056.000000 1648.000000) (56.000000 -1480.000000 1648.000000) (-160.000000 -1696.000000 1648.000000) (-192.000000 -1696.000000 1648.000000) 
4 43 44 (-64.000000 -1056.000000 2160.000000) (-64.000000 -1056.000000 1648.000000) (-192.000000 -1696.000000 1648.000000) (-192.000000 -1696.000000 2160.000000) 
4 44 75 (-272.000000 -1056.000000 1648.000000) (-64.000000 -1056.000000 1648.000000) (-192.000000 -1696.000000 1648.000000) (-272.000000 -1696.000000 1648.000000) 
4 44 45 (-272.000000 -1056.000000 1648.000000) (-272.000000 -1696.000000 1648.000000) (-272.000000 -1696.000000 2160.000000) (-272.000000 -1056.000000 2160.000000) 
4 45 79 (-288.000000 -1056.000000 1648.000000) (-272.000000 -1056.000000 1648.000000) (-272.000000 -1760.000000 1648.000000) (-288.000000 -1760.000000 1648.000000) 
4 45 47 (-288.000000 -1056.000000 1648.000000) (-288.000000 -1760.000000 1648.000000) (-288.000000 -1760.000000 2160.000000) (-288.000000 -1056.000000 2160.000000) 
3 46 80 (-272.000000 -1776.000000 1648.000000) (-288.000000 -1779.200000 1648.000000) (-288.000000 -1776.000000 1648.000000) 
4 46 50 (-288.000000 -1779.200000 1648.000000) (-272.000000 -1776.000000 1648.000000) (-272.000000 -1776.000000 2160.000000) (-288.000000 -1779.200000 2160.000000) 
4 46 47 (-288.000000 -1776.000000 1648.000000) (-288.000000 -1779.200000 1648.000000) (-288.000000 -1779.200000 2160.000000) (-288.000000 -1776.000000 2160.000000) 
4 47 81 (-304.000000 -1782.400000 1648.000000) (-304.000000 -1056.000000 1648.000000) (-288.000000 -1056.000000 1648.000000) (-288.000000 -1779.200000 1648.000000) 
4 47 52 (-304.000000 -1056.000000 1648.000000) (-304.000000 -1782.400000 1648.000000) (-304.000000 -1782.400000 2160.000000) (-304.000000 -1056.000000 2160.000000) 
4 47 50 (-304.000000 -1782.400000 2160.000000) (-304.000000 -1782.400000 1648.000000) (-288.000000 -1779.200000 1648.000000) (-288.000000 -1779.200000 2160.000000) 
3 48 49 (56.000000 -1838.000000 1792.000000) (56.000000 -1838.000000 2160.000000) (-40.000000 -1838.000000 2160.000000) 
4 48 50 (56.000000 -1710.400000 1784.000000) (56.000000 -1838.000000 1784.000000) (-44.000000 -1838.000000 2160.000000) (-44.000000 -1730.400000 2160.000000) 
3 49 51 (56.000000 -1842.000000 1792.000000) (56.000000 -1842.000000 2160.000000) (-40.000000 -1842.000000 2160.000000) 
4 50 90 (-304.000000 -1842.000000 1648.000000) (-304.000000 -1840.000000 1648.000000) (56.000000 -1840.000000 1648.000000) (56.000000 -1842.000000 1648.000000) 
4 50 80 (-288.000000 -1779.200000 1648.000000) (-272.000000 -1776.000000 1648.000000) (-272.000000 -1840.000000 1648.000000) (-288.000000 -1840.000000 1648.000000) 
4 50 78 (-272.000000 -1776.000000 1648.000000) (56.000000 -1710.400000 1648.000000) (56.000000 -1840.000000 1648.000000) (-272.000000 -1840.000000 1648.000000) 
4 50 81 (-304.000000 -1840.000000 1648.000000) (-304.000000 -1782.400000 1648.000000) (-288.000000 -1779.200000 1648.000000) (-288.000000 -1840.000000 1648.000000) 
4 50 52 (-304.000000 -1782.400000 1648.000000) (-304.000000 -1842.000000 1648.000000) (-304.000000 -1842.000000 2160.000000) (-304.000000 -1782.400000 2160.000000) 
5 50 51 (-304.000000 -1842.000000 1648.000000) (56.000000 -1842.000000 1648.000000) (56.000000 -1842.000000 1784.000000) (-44.000000 -1842.000000 2160.000000) (-304.000000 -1842.000000 2160.000000) 
4 51 90 (-304.000000 -1920.000000 1648.000000) (-304.000000 -1842.000000 1648.000000) (56.000000 -1842.000000 1648.000000) (56.000000 -1920.000000 1648.000000) 
4 51 91 (56.000000 -1952.000000 1648.000000) (-304.000000 -1952.000000 1648.000000) (-304.000000 -1920.000000 1648.000000) (56.000000 -1920.000000 1648.000000) 
4 51 58 (56.000000 -1952.000000 1952.000000) (56.000000 -1952.000000 1968.000000) (-304.000000 -1952.000000 1968.000000) (-304.000000 -1952.000000 1952.000000) 
4 51 57 (56.000000 -1952.000000 1968.000000) (56.000000 -1952.000000 2160.000000) (-304.000000 -1952.000000 2160.000000) (-304.000000 -1952.000000 1968.000000) 
4 51 60 (-304.000000 -1952.000000 1648.000000) (56.000000 -1952.000000 1648.000000) (56.000000 -1952.000000 1952.000000) (-304.000000 -1952.000000 1952.000000) 
4 51 52 (-304.000000 -1842.000000 1648.000000) (-304.000000 -1952.000000 1648.000000) (-304.000000 -1952.000000 2160.000000) (-304.000000 -1842.000000 2160.000000) 
4 52 97 (-304.000000 -906.000000 1648.000000) (-304.000000 -1952.000000 1648.000000) (-766.000000 -1952.000000 1648.000000) (-766.000000 -906.000000 1648.000000) 
4 52 68 (-304.000000 -1952.000000 2016.000000) (-304.000000 -1952.000000 2477.000000) (-640.000000 -1952.000000 2477.000000) (-640.000000 -1952.000000 2016.000000) 
4 52 70 (-640.000000 -1952.000000 2477.000000) (-766.000000 -1952.000000 2477.000000) (-766.000000 -1952.000000 2016.000000) (-640.000000 -1952.000000 2016.000000) 
4 52 67 (-766.000000 -1952.000000 1648.000000) (-304.000000 -1952.000000 1648.000000) (-304.000000 -1952.000000 2016.000000) (-766.000000 -1952.000000 2016.000000) 
4 53 85 (896.000000 -2533.000000 1648.000000) (896.000000 -1952.000000 1648.000000) (1152.000000 -1952.000000 1648.000000) (1152.000000 -2533.000000 1648.000000) 
4 53 83 (1152.000000 -1952.000000 1648.000000) (1383.000000 -1952.000000 1648.000000) (1383.000000 -2533.000000 1648.000000) (1152.000000 -2533.000000 1648.000000) 
4 53 66 (896.000000 -2320.000000 1648.000000) (896.000000 -2533.000000 1648.000000) (896.000000 -2533.000000 2477.000000) (896.000000 -2320.000000 2477.000000) 
4 53 61 (896.000000 -2288.000000 1648.000000) (896.000000 -2304.000000 1648.000000) (896.000000 -2304.000000 2160.000000) (896.000000 -2288.000000 2160.000000) 
4 53 56 (896.000000 -1952.000000 2160.000000) (896.000000 -1952.000000 1648.000000) (896.000000 -2288.000000 1648.000000) (896.000000 -2288.000000 2160.000000) 
4 53 54 (896.000000 -1952.000000 2477.000000) (896.000000 -1952.000000 2160.000000) (896.000000 -2320.000000 2160.000000) (896.000000 -2320.000000 2477.000000) 
4 54 66 (832.000000 -2320.000000 2160.000000) (896.000000 -2320.000000 2160.000000) (896.000000 -2320.000000 2477.000000) (832.000000 -2320.000000 2477.000000) 
4 54 61 (896.000000 -2288.000000 2160.000000) (896.000000 -2304.000000 2160.000000) (832.000000 -2304.000000 2160.000000) (832.000000 -2288.000000 2160.000000) 
4 54 57 (832.000000 -1952.000000 2160.000000) (848.000000 -1952.000000 2160.000000) (848.000000 -2256.000000 2160.000000) (832.000000 -2256.000000 2160.000000) 
4 54 59 (848.000000 -2256.000000 2160.000000) (848.000000 -2288.000000 2160.000000) (832.000000 -2288.000000 2160.000000) (832.000000 -2256.000000 2160.000000) 
4 54 56 (848.000000 -1952.000000 2160.000000) (896.000000 -1952.000000 2160.000000) (896.000000 -2288.000000 2160.000000) (848.000000 -2288.000000 2160.000000) 
4 54 55 (832.000000 -1952.000000 2477.000000) (832.000000 -1952.000000 2176.000000) (832.000000 -2320.000000 2176.000000) (832.000000 -2320.000000 2477.000000) 
4 55 68 (-304.000000 -2320.000000 2176.000000) (-304.000000 -2320.000000 2477.000000) (-304.000000 -1952.000000 2477.000000) (-304.000000 -1952.000000 2176.000000) 
4 55 66 (-304.000000 -2320.000000 2477.000000) (-304.000000 -2320.000000 2176.000000) (832.000000 -2320.000000 2176.000000) (832.000000 -2320.000000 2477.000000) 
4 56 91 (848.000000 -1952.000000 1648.000000) (896.000000 -1952.000000 1648.000000) (896.000000 -2288.000000 1648.000000) (848.000000 -2288.000000 1648.000000) 
4 56 61 (896.000000 -2288.000000 1648.000000) (896.000000 -2288.000000 2160.000000) (848.000000 -2288.000000 2160.000000) (848.000000 -2288.000000 1648.000000) 
4 56 58 (848.000000 -1952.000000 1968.000000) (848.000000 -1952.000000 1952.000000) (848.000000 -2016.000000 1952.000000) (848.000000 -2000.000000 1968.000000) 
4 56 57 (848.000000 -1952.000000 2160.000000) (848.000000 -1952.000000 1968.000000) (848.000000 -2064.000000 1968.000000) (848.000000 -2256.000000 2160.000000) 
4 56 59 (848.000000 -2048.000000 1952.000000) (848.000000 -2288.000000 1952.000000) (848.000000 -2288.000000 2160.000000) (848.000000 -2256.000000 2160.000000) 
4 56 60 (848.000000 -1952.000000 1952.000000) (848.000000 -1952.000000 1648.000000) (848.000000 -2288.000000 1648.000000) (848.000000 -2288.000000 1952.000000) 
5 57 68 (-304.000000 -2256.000000 2160.000000) (-304.000000 -1952.000000 2160.000000) (-304.000000 -1952.000000 2016.000000) (-304.000000 -2000.000000 1968.000000) (-304.000000 -2064.000000 1968.000000) 
3 57 67 (-304.000000 -1952.000000 2016.000000) (-304.000000 -1952.000000 1968.000000) (-304.000000 -2000.000000 1968.000000) 
4 57 58 (-304.000000 -2000.000000 1968.000000) (-304.000000 -1952.000000 1968.000000) (848.000000 -1952.000000 1968.000000) (848.000000 -2000.000000 1968.000000) 
4 57 59 (-304.000000 -2256.000000 2160.000000) (-304.000000 -2064.000000 1968.000000) (848.000000 -2064.000000 1968.000000) (848.000000 -2256.000000 2160.000000) 
4 58 67 (-304.000000 -1952.000000 1968.000000) (-304.000000 -1952.000000 1952.000000) (-304.000000 -2016.000000 1952.000000) (-304.000000 -2000.000000 1968.000000) 
4 58 60 (-304.000000 -2016.000000 1952.000000) (-304.000000 -1952.000000 1952.000000) (848.000000 -1952.000000 1952.000000) (848.000000 -2016.000000 1952.000000) 
4 59 69 (-304.000000 -2288.000000 1952.000000) (-304.000000 -2288.000000 1968.000000) (-304.000000 -2064.000000 1968.000000) (-304.000000 -2048.000000 1952.000000) 
4 59 68 (-304.000000 -2288.000000 1968.000000) (-304.000000 -2288.000000 2160.000000) (-304.000000 -2256.000000 2160.000000) (-304.000000 -2064.000000 1968.000000) 
4 59 63 (256.000000 -2288.000000 2160.000000) (-32.000000 -2288.000000 2160.000000) (-32.000000 -2288.000000 1952.000000) (256.000000 -2288.000000 1952.000000) 
4 59 64 (-96.000000 -2288.000000 2160.000000) (-304.000000 -2288.000000 2160.000000) (-304.000000 -2288.000000 1952.000000) (-96.000000 -2288.000000 1952.000000) 
4 59 62 (592.000000 -2288.000000 2160.000000) (320.000000 -2288.000000 2160.000000) (320.000000 -2288.000000 1952.000000) (592.000000 -2288.000000 1952.000000) 
4 59 61 (848.000000 -2288.000000 2160.000000) (656.000000 -2288.000000 2160.000000) (656.000000 -2288.000000 1952.000000) (848.000000 -2288.000000 1952.000000) 
4 59 60 (848.000000 -2288.000000 1952.000000) (-304.000000 -2288.000000 1952.000000) (-304.000000 -2048.000000 1952.000000) (848.000000 -2048.000000 1952.000000) 
4 60 91 (-304.000000 -2288.000000 1648.000000) (-304.000000 -1952.000000 1648.000000) (848.000000 -1952.000000 1648.000000) (848.000000 -2288.000000 1648.000000) 
3 60 71 (-304.000000 -2288.000000 1680.000000) (-304.000000 -2288.000000 1952.000000) (-304.000000 -2016.000000 1952.000000) 
5 60 67 (-304.000000 -1952.000000 1648.000000) (-304.000000 -2288.000000 1648.000000) (-304.000000 -2288.000000 1680.000000) (-304.000000 -2016.000000 1952.000000) (-304.000000 -1952.000000 1952.000000) 
4 60 63 (-32.000000 -2288.000000 1648.000000) (256.000000 -2288.000000 1648.000000) (256.000000 -2288.000000 1952.000000) (-32.000000 -2288.000000 1952.000000) 
4 60 64 (-304.000000 -2288.000000 1952.000000) (-304.000000 -2288.000000 1648.000000) (-96.000000 -2288.000000 1648.000000) (-96.000000 -2288.000000 1952.000000) 
4 60 62 (320.000000 -2288.000000 1648.000000) (592.000000 -2288.000000 1648.000000) (592.000000 -2288.000000 1952.000000) (320.000000 -2288.000000 1952.000000) 
4 60 61 (656.000000 -2288.000000 1648.000000) (848.000000 -2288.000000 1648.000000) (848.000000 -2288.000000 1952.000000) (656.000000 -2288.000000 1952.000000) 
4 61 91 (656.000000 -2288.000000 1648.000000) (896.000000 -2288.000000 1648.000000) (896.000000 -2304.000000 1648.000000) (672.000000 -2304.000000 1648.000000) 
4 62 91 (320.000000 -2288.000000 1648.000000) (592.000000 -2288.000000 1648.000000) (576.000000 -2304.000000 1648.000000) (336.000000 -2304.000000 1648.000000) 
4 63 91 (-32.000000 -2288.000000 1648.000000) (256.000000 -2288.000000 1648.000000) (240.000000 -2304.000000 1648.000000) (-16.000000 -2304.000000 1648.000000) 
4 64 91 (-304.000000 -2304.000000 1648.000000) (-304.000000 -2288.000000 1648.000000) (-96.000000 -2288.000000 1648.000000) (-112.000000 -2304.000000 1648.000000) 
4 64 69 (-304.000000 -2304.000000 1952.000000) (-304.000000 -2304.000000 1968.000000) (-304.000000 -2288.000000 1968.000000) (-304.000000 -2288.000000 1952.000000) 
4 64 68 (-304.000000 -2304.000000 1968.000000) (-304.000000 -2304.000000 2160.000000) (-304.000000 -2288.000000 2160.000000) (-304.000000 -2288.000000 1968.000000) 
4 64 71 (-304.000000 -2304.000000 1664.000000) (-304.000000 -2304.000000 1952.000000) (-304.000000 -2288.000000 1952.000000) (-304.000000 -2288.000000 1680.000000) 
4 64 67 (-304.000000 -2288.000000 1648.000000) (-304.000000 -2304.000000 1648.000000) (-304.000000 -2304.000000 1664.000000) (-304.000000 -2288.000000 1680.000000) 
4 64 65 (-304.000000 -2304.000000 2160.000000) (-304.000000 -2304.000000 1648.000000) (-288.000000 -2304.000000 1648.000000) (-288.000000 -2304.000000 2160.000000) 
4 65 92 (-304.000000 -2320.000000 1648.000000) (-304.000000 -2304.000000 1648.000000) (-288.000000 -2304.000000 1648.000000) (-288.000000 -2320.000000 1648.000000) 
4 65 69 (-304.000000 -2320.000000 1952.000000) (-304.000000 -2320.000000 1968.000000) (-304.000000 -2304.000000 1968.000000) (-304.000000 -2304.000000 1952.000000) 
4 65 68 (-304.000000 -2320.000000 1968.000000) (-304.000000 -2320.000000 2160.000000) (-304.000000 -2304.000000 2160.000000) (-304.000000 -2304.000000 1968.000000) 
4 65 71 (-304.000000 -2320.000000 1648.000000) (-304.000000 -2320.000000 1952.000000) (-304.000000 -2304.000000 1952.000000) (-304.000000 -2304.000000 1664.000000) 
3 65 67 (-304.000000 -2304.000000 1648.000000) (-304.000000 -2320.000000 1648.000000) (-304.000000 -2304.000000 1664.000000) 
4 65 66 (-304.000000 -2320.000000 2160.000000) (-304.000000 -2320.000000 1648.000000) (-288.000000 -2320.000000 1648.000000) (-288.000000 -2320.000000 2160.000000) 
4 66 93 (-304.000000 -2533.000000 1648.000000) (-304.000000 -2320.000000 1648.000000) (896.000000 -2320.000000 1648.000000) (896.000000 -2533.000000 1648.000000) 
4 66 69 (-304.000000 -2533.000000 1952.000000) (-304.000000 -2533.000000 1968.000000) (-304.000000 -2320.000000 1968.000000) (-304.000000 -2320.000000 1952.000000) 
4 66 68 (-304.000000 -2533.000000 1968.000000) (-304.000000 -2533.000000 2477.000000) (-304.000000 -2320.000000 2477.000000) (-304.000000 -2320.000000 1968.000000) 
4 66 71 (-304.000000 -2320.000000 1648.000000) (-304.000000 -2533.000000 1648.000000) (-304.000000 -2533.000000 1952.000000) (-304.000000 -2320.000000 1952.000000) 
4 67 97 (-766.000000 -1952.000000 1648.000000) (-304.000000 -1952.000000 1648.000000) (-304.000000 -2320.000000 1648.000000) (-766.000000 -2320.000000 1648.000000) 
4 67 68 (-304.000000 -2000.000000 1968.000000) (-304.000000 -1952.000000 2016.000000) (-640.000000 -1952.000000 2016.000000) (-640.000000 -2000.000000 1968.000000) 
4 67 70 (-766.000000 -1952.000000 2016.000000) (-766.000000 -2016.000000 1952.000000) (-640.000000 -2016.000000 1952.000000) (-640.000000 -1952.000000 2016.000000) 
4 67 71 (-766.000000 -2016.000000 1952.000000) (-766.000000 -2320.000000 1648.000000) (-304.000000 -2320.000000 1648.000000) (-304.000000 -2016.000000 1952.000000) 
4 68 69 (-304.000000 -2064.000000 1968.000000) (-304.000000 -2533.000000 1968.000000) (-640.000000 -2533.000000 1968.000000) (-640.000000 -2064.000000 1968.000000) 
5 68 70 (-640.000000 -2533.000000 1968.000000) (-640.000000 -2533.000000 2477.000000) (-640.000000 -1952.000000 2477.000000) (-640.000000 -1952.000000 2016.000000) (-640.000000 -2000.000000 1968.000000) 
4 69 71 (-304.000000 -2048.000000 1952.000000) (-304.000000 -2533.000000 1952.000000) (-640.000000 -2533.000000 1952.000000) (-640.000000 -2048.000000 1952.000000) 
4 69 70 (-640.000000 -2533.000000 1952.000000) (-640.000000 -2533.000000 1968.000000) (-640.000000 -2064.000000 1968.000000) (-640.000000 -2048.000000 1952.000000) 
4 70 71 (-766.000000 -2533.000000 1952.000000) (-766.000000 -2016.000000 1952.000000) (-640.000000 -2016.000000 1952.000000) (-640.000000 -2533.000000 1952.000000) 
4 71 97 (-304.000000 -2320.000000 1648.000000) (-304.000000 -2533.000000 1648.000000) (-766.000000 -2533.000000 1648.000000) (-766.000000 -2320.000000 1648.000000) 
4 72 94 (832.000000 -1840.000000 1136.000000) (832.000000 -1840.000000 1120.000000) (896.000000 -1840.000000 1120.000000) (896.000000 -1840.000000 1136.000000) 
4 72 95 (832.000000 -1840.000000 1120.000000) (832.000000 -1840.000000 957.000000) (896.000000 -1840.000000 957.000000) (896.000000 -1840.000000 1120.000000) 
4 72 87 (896.000000 -1840.000000 1648.000000) (832.000000 -1840.000000 1648.000000) (832.000000 -1840.000000 1136.000000) (896.000000 -1840.000000 1136.000000) 
4 72 84 (1152.000000 -1840.000000 1648.000000) (896.000000 -1840.000000 1648.000000) (896.000000 -1840.000000 1136.000000) (1152.000000 -1840.000000 1136.000000) 
4 72 86 (896.000000 -1840.000000 1136.000000) (896.000000 -1840.000000 957.000000) (1152.000000 -1840.000000 957.000000) (1152.000000 -1840.000000 1136.000000) 
4 72 83 (1383.000000 -1840.000000 1648.000000) (1152.000000 -1840.000000 1648.000000) (1152.000000 -1840.000000 957.000000) (1383.000000 -1840.000000 957.000000) 
4 72 82 (832.000000 -1056.000000 1120.000000) (832.000000 -1056.000000 957.000000) (832.000000 -1840.000000 957.000000) (832.000000 -1840.000000 1120.000000) 
4 72 74 (832.000000 -1840.000000 1648.000000) (832.000000 -1056.000000 1648.000000) (832.000000 -1056.000000 1136.000000) (832.000000 -1840.000000 1136.000000) 
4 72 73 (832.000000 -1056.000000 1648.000000) (832.000000 -906.000000 1648.000000) (832.000000 -906.000000 957.000000) (832.000000 -1056.000000 957.000000) 
4 73 97 (-304.000000 -1056.000000 1648.000000) (-304.000000 -906.000000 1648.000000) (-304.000000 -906.000000 957.000000) (-304.000000 -1056.000000 957.000000) 
4 73 82 (-304.000000 -1056.000000 1120.000000) (-304.000000 -1056.000000 957.000000) (832.000000 -1056.000000 957.000000) (832.000000 -1056.000000 1120.000000) 
4 73 79 (-288.000000 -1056.000000 1136.000000) (-272.000000 -1056.000000 1136.000000) (-272.000000 -1056.000000 1648.000000) (-288.000000 -1056.000000 1648.000000) 
4 73 75 (-272.000000 -1056.000000 1136.000000) (528.000000 -1056.000000 1136.000000) (528.000000 -1056.000000 1648.000000) (-272.000000 -1056.000000 1648.000000) 
4 73 74 (544.000000 -1056.000000 1136.000000) (832.000000 -1056.000000 1136.000000) (832.000000 -1056.000000 1648.000000) (544.000000 -1056.000000 1648.000000) 
4 73 81 (-304.000000 -1056.000000 1648.000000) (-304.000000 -1056.000000 1136.000000) (-288.000000 -1056.000000 1136.000000) (-288.000000 -1056.000000 1648.000000) 
4 74 87 (832.000000 -1840.000000 1136.000000) (832.000000 -1840.000000 1648.000000) (608.000000 -1840.000000 1648.000000) (608.000000 -1840.000000 1136.000000) 
4 75 79 (-272.000000 -1696.000000 1648.000000) (-272.000000 -1056.000000 1648.000000) (-272.000000 -1056.000000 1136.000000) (-272.000000 -1696.000000 1136.000000) 
4 75 77 (-192.000000 -1696.000000 1136.000000) (-160.000000 -1696.000000 1136.000000) (-160.000000 -1696.000000 1648.000000) (-192.000000 -1696.000000 1648.000000) 
4 75 76 (-160.000000 -1696.000000 1136.000000) (128.000000 -1696.000000 1136.000000) (128.000000 -1696.000000 1648.000000) (-160.000000 -1696.000000 1648.000000) 
4 75 78 (128.000000 -1696.000000 1136.000000) (528.000000 -1616.000000 1136.000000) (528.000000 -1616.000000 1648.000000) (128.000000 -1696.000000 1648.000000) 
4 76 77 (-160.000000 -1696.000000 1136.000000) (-200.000000 -1736.000000 1136.000000) (-200.000000 -1736.000000 1648.000000) (-160.000000 -1696.000000 1648.000000) 
4 76 78 (-232.000000 -1768.000000 1136.000000) (128.000000 -1696.000000 1136.000000) (128.000000 -1696.000000 1648.000000) (-232.000000 -1768.000000 1648.000000) 
4 78 90 (528.000000 -1840.000000 1648.000000) (-272.000000 -1840.000000 1648.000000) (-272.000000 -1840.000000 1136.000000) (528.000000 -1840.000000 1136.000000) 
4 78 80 (-272.000000 -1840.000000 1136.000000) (-272.000000 -1840.000000 1648.000000) (-272.000000 -1776.000000 1648.000000) (-272.000000 -1776.000000 1136.000000) 
4 79 81 (-288.000000 -1760.000000 1648.000000) (-288.000000 -1056.000000 1648.000000) (-288.000000 -1056.000000 1136.000000) (-288.000000 -1760.000000 1136.000000) 
4 80 90 (-272.000000 -1840.000000 1648.000000) (-288.000000 -1840.000000 1648.000000) (-288.000000 -1840.000000 1136.000000) (-272.000000 -1840.000000 1136.000000) 
4 80 81 (-288.000000 -1840.000000 1136.000000) (-288.000000 -1840.000000 1648.000000) (-288.000000 -1776.000000 1648.000000) (-288.000000 -1776.000000 1136.000000) 
4 81 97 (-304.000000 -1840.000000 1648.000000) (-304.000000 -1056.000000 1648.000000) (-304.000000 -1056.000000 1136.000000) (-304.000000 -1840.000000 1136.000000) 
4 81 90 (-288.000000 -1840.000000 1648.000000) (-304.000000 -1840.000000 1648.000000) (-304.000000 -1840.000000 1136.000000) (-288.000000 -1840.000000 1136.000000) 
4 82 97 (-304.000000 -1056.000000 1120.000000) (-304.000000 -1056.000000 957.000000) (-304.000000 -1840.000000 957.000000) (-304.000000 -1840.000000 1120.000000) 
4 82 95 (832.000000 -1840.000000 957.000000) (832.000000 -1840.000000 1120.000000) (-304.000000 -1840.000000 1120.000000) (-304.000000 -1840.000000 957.000000) 
4 83 85 (1152.000000 -1920.000000 1136.000000) (1152.000000 -2533.000000 1136.000000) (1152.000000 -2533.000000 1648.000000) (1152.000000 -1920.000000 1648.000000) 
4 83 84 (1152.000000 -1840.000000 1648.000000) (1152.000000 -1840.000000 1136.000000) (1152.000000 -1904.000000 1136.000000) (1152.000000 -1904.000000 1648.000000) 
4 83 86 (1152.000000 -1840.000000 1136.000000) (1152.000000 -1840.000000 957.000000) (1152.000000 -2533.000000 957.000000) (1152.000000 -2533.000000 1136.000000) 
4 84 87 (896.000000 -1840.000000 1648.000000) (896.000000 -1840.000000 1136.000000) (896.000000 -1904.000000 1136.000000) (896.000000 -1904.000000 1648.000000) 
4 84 86 (896.000000 -1904.000000 1136.000000) (896.000000 -1840.000000 1136.000000) (1152.000000 -1840.000000 1136.000000) (1152.000000 -1904.000000 1136.000000) 
4 85 93 (896.000000 -2320.000000 1136.000000) (896.000000 -2533.000000 1136.000000) (896.000000 -2533.000000 1648.000000) (896.000000 -2320.000000 1648.000000) 
4 85 91 (896.000000 -1920.000000 1136.000000) (896.000000 -2304.000000 1136.000000) (896.000000 -2304.000000 1648.000000) (896.000000 -1920.000000 1648.000000) 
4 85 86 (1152.000000 -2533.000000 1136.000000) (896.000000 -2533.000000 1136.000000) (896.000000 -1920.000000 1136.000000) (1152.000000 -1920.000000 1136.000000) 
4 86 94 (896.000000 -1840.000000 1136.000000) (896.000000 -1840.000000 1120.000000) (896.000000 -2320.000000 1120.000000) (896.000000 -2320.000000 1136.000000) 
4 86 95 (896.000000 -1840.000000 1120.000000) (896.000000 -1840.000000 957.000000) (896.000000 -2320.000000 957.000000) (896.000000 -2320.000000 1120.000000) 
4 86 96 (896.000000 -2320.000000 957.000000) (896.000000 -2533.000000 957.000000) (896.000000 -2533.000000 1136.000000) (896.000000 -2320.000000 1136.000000) 
4 87 94 (832.000000 -1840.000000 1136.000000) (896.000000 -1840.000000 1136.000000) (896.000000 -1904.000000 1136.000000) (832.000000 -1904.000000 1136.000000) 
4 88 89 (541.333333 -1906.666667 1136.000000) (568.000000 -1912.000000 1136.000000) (568.000000 -1912.000000 1648.000000) (541.333333 -1906.666667 1648.000000) 
4 88 90 (536.000000 -1880.000000 1136.000000) (541.333333 -1906.666667 1136.000000) (541.333333 -1906.666667 1648.000000) (536.000000 -1880.000000 1648.000000) 
4 89 90 (541.333333 -1906.666667 1136.000000) (544.000000 -1920.000000 1136.000000) (544.000000 -1920.000000 1648.000000) (541.333333 -1906.666667 1648.000000) 
4 89 91 (544.000000 -1920.000000 1136.000000) (608.000000 -1920.000000 1136.000000) (608.000000 -1920.000000 1648.000000) (544.000000 -1920.000000 1648.000000) 
4 90 97 (-304.000000 -1920.000000 1648.000000) (-304.000000 -1840.000000 1648.000000) (-304.000000 -1840.000000 1136.000000) (-304.000000 -1920.000000 1136.000000) 
4 90 91 (-304.000000 -1920.000000 1136.000000) (544.000000 -1920.000000 1136.000000) (544.000000 -1920.000000 1648.000000) (-304.000000 -1920.000000 1648.000000) 
4 91 97 (-304.000000 -2304.000000 1648.000000) (-304.000000 -1920.000000 1648.000000) (-304.000000 -1920.000000 1136.000000) (-304.000000 -2304.000000 1136.000000) 
4 91 94 (832.000000 -1920.000000 1136.000000) (896.000000 -1920.000000 1136.000000) (896.000000 -2304.000000 1136.000000) (832.000000 -2304.000000 1136.000000) 
4 91 92 (-304.000000 -2304.000000 1648.000000) (-304.000000 -2304.000000 1136.000000) (-288.000000 -2304.000000 1136.000000) (-288.000000 -2304.000000 1648.000000) 
4 92 97 (-304.000000 -2320.000000 1648.000000) (-304.000000 -2304.000000 1648.000000) (-304.000000 -2304.000000 1136.000000) (-304.000000 -2320.000000 1136.000000) 
4 92 93 (-304.000000 -2320.000000 1648.000000) (-304.000000 -2320.000000 1136.000000) (-288.000000 -2320.000000 1136.000000) (-288.000000 -2320.000000 1648.000000) 
4 93 97 (-304.000000 -2533.000000 1648.000000) (-304.000000 -2320.000000 1648.000000) (-304.000000 -2320.000000 1136.000000) (-304.000000 -2533.000000 1136.000000) 
4 93 96 (-304.000000 -2533.000000 1136.000000) (-304.000000 -2320.000000 1136.000000) (896.000000 -2320.000000 1136.000000) (896.000000 -2533.000000 1136.000000) 
4 94 95 (832.000000 -1840.000000 1120.000000) (896.000000 -1840.000000 1120.000000) (896.000000 -2320.000000 1120.000000) (832.000000 -2320.000000 1120.000000) 
4 94 96 (896.000000 -2320.000000 1120.000000) (896.000000 -2320.000000 1136.000000) (832.000000 -2320.000000 1136.000000) (832.000000 -2320.000000 1120.000000) 
4 95 97 (-304.000000 -1840.000000 1120.000000) (-304.000000 -1840.000000 957.000000) (-304.000000 -2320.000000 957.000000) (-304.000000 -2320.000000 1120.000000) 
4 95 96 (896.000000 -2320.000000 957.000000) (896.000000 -2320.000000 1120.000000) (-304.000000 -2320.000000 1120.000000) (-304.000000 -2320.000000 957.000000) 
4 96 97 (-304.000000 -2320.000000 957.000000) (-304.000000 -2533.000000 957.000000) (-304.000000 -2533.000000 1136.000000) (-304.000000 -2320.000000 1136.000000) 
